<?xml version="1.0" encoding="UTF-8"?>
<!-- Generated by org.testng.reporters.JUnitReportReporter -->
<testsuite hostname="DESKTOP-DRMO985" failures="0" tests="1" name="selenium.com.pages.Basics" time="11.909" errors="0" timestamp="2023-07-01T17:34:46 IST" skipped="0">
  <testcase classname="selenium.com.pages.Basics" name="TestGoogle" time="11.909"/>
</testsuite> <!-- selenium.com.pages.Basics -->
